<?xml version="1.0" encoding="utf-8" standalone="yes"?>
<deviceModel maxAgeSeconds="1800" xmlns="urn:teleal-org:cling:bridge:combined-descriptor-1-0">
    <root xmlns="urn:schemas-upnp-org:device-1-0">
        <specVersion>
            <major>1</major>
            <minor>0</minor>
        </specVersion>
        <device>
            <deviceType>urn:schemas-upnp-org:device:MY-DEVICE-TYPE:1</deviceType>
            <UDN>uuid:MY-DEVICE-123</UDN>
            <friendlyName>My Testdevice</friendlyName>
            <iconList>
                <icon>
                    <mimetype>image/png</mimetype>
                    <width>48</width>
                    <height>48</height>
                    <depth>8</depth>
                    <url>icon.png</url>
                </icon>
                <icon>
                    <mimetype>image/png</mimetype>
                    <width>48</width>
                    <height>48</height>
                    <depth>8</depth>
                    <url>icon2.png</url>
                </icon>
            </iconList>
            <serviceList>
                <service>
                    <serviceType>urn:schemas-upnp-org:service:MY-SERVICE-TYPE-ONE:1</serviceType>
                    <serviceId>urn:upnp-org:serviceId:MY-SERVICE-123</serviceId>
                    <controlURL>/dev/MY-DEVICE-123/svc/upnp-org/MY-SERVICE-123/action</controlURL>
                    <eventSubURL>/dev/MY-DEVICE-123/svc/upnp-org/MY-SERVICE-123/event</eventSubURL>
                    <SCPDURL>/dev/MY-DEVICE-123/svc/upnp-org/MY-SERVICE-123/desc.xml</SCPDURL>
                </service>
            </serviceList>
        </device>
    </root>
    <deviceIcon iconId="MY-DEVICE-123/0">iVBORw0KGgoAAAANSUhEUgAAAC0AAAAwCAMAAACyjAPtAAAAGXRFWHRTb2Z0d2FyZQBBZG9iZSBJbWFnZVJlYWR5ccllPAAAAwBQTFRF7vLbqqqr9fX17u7y0d26vMmdy9LLxdCriIiK/Pz81uaxztqwvsmh8fHx8fXc3Oq21uK22eS6tceN6u7M2uW8s7qV1uG43e65xMy9srOzzdm65u7C9vb42eqt293i7vPhxM6rpKOlzdmu0dHRzd2p3ey21OOx3e2xZWRm+vr6vLy8ydmm0t212Oa0zdrC2OK51drbiZpr2drdm6aE2uqw1eeqy9bE+Pj4xtKn6u3RztPQ6Ojp1NfZ5ubmv82eytat1eet4u69xtWi7O/VnqR92+m2z9ytq7WU2uyve41g0d7DpquB1uK+u86Rs8aWw8LDycnKwc6h5OTp2eW21uO00dbUydSpxs3B4/C8ucGX0tnV0eGqx83Fydyfxtid1+mtsbeN4u664+Pj2djY7vHX1dXVorKNucGa0uGuWVlZwb/C5ebszd6myNOqytekoqWT1OC0+vr8sa+y0c7T3uDmxcvCydW61N+13vC23+y30+C+0uC5zMzNRkVH7e3t09602ui11eC20+Sq0eKm1NLV0d2x4vK5ydOt1uG2y9qvx9DCwMuk0dyyucKeyNij1OKv09+xxdKip6id6env5fDA4eLp4O+12uu12Oayy9unzNetx9elxM+mwsqgvcafu8ad5fO+5PK73d3d1+W02OS1z9ux2ua3///+0t2z2NjX+fn52ee1/v79wdCnzsrP4O+6oKZ/8/P23u+wv8q62NTb1eG0r8CNcnFzr8OW2eO8y9iqztmq0+Cy0N+swtGhzcvQoaCiz+Cp1+O2+/z9+/v7/f39pa2Q0dDUm5+P1uHBtsqU4PC1t8OXZ3pR6+3U6+7SwNOSyM3HwtKetcKlvMak2Oqq2+yz3Oqz3Nve4OHm09+zz922r6uywc6m4/S7qLuE4ePtzNi0pLeC0+axqbCGrLKKPj0/usebX25O092x8O/05u7I7O74y8rO5+/EzNDNkKRz6u/OzNaq4e264O664u+4oqOapqWnoaaKra+mp66Jp6yD6fXA2eiz/v7+////+WBwpQAABDpJREFUeNpi+E8KYMAi9q+wsPAocaoPv7l4Oc04zX1z6Ea47n84VGs+MPB7dP+Fp+fZD9t2GLyBqf6HVfXkKK8239hYQ0NPT1+PUyZeckdQlaOonqo3XXzh6bg4oQu+vlfjTO9VeEXJ4FRdUnatYn3Egj+7WVnPbMtbuCAiQtwrFEU5kursMq5r0762TfnIwAcCKR+nRER88QrlxKpapmsvl/q0aZveOTPIgwHD+XcR61X1SpAMR6i2Yc9wcIiX3fTuvDMDWD2D88eICvHpZhuxqJaR2KWS02wq6zFF2NI5hQEEnIWnecRPl5JDhDkDjHFTIcypr9nU1OPrlHfC551TUpzPWb7b5GHa9NjqMNxwuOrQOXaBfTlNpiaqiY7S0q+FP563FE5Ul3XIOWj2Cm44TPXRi3ef2znNPNhkcl218vPnxMQIR0dHdZN4h5y+zmywamSXmJd2n2Gd2Dczmuvvdf5KCFA1MXFonnkpbCpyqgKrlpHgOcMa6KS9V23GaldX/krVykp+V5PH0Sp9dmtLMFwiU8pzZr7dxIlu/Vy6qxtcQaDhL1e0ysw+1rslGC45EtM9n2duoIWbGpeu7urVDQ0Nq1fr9quozHRiZcd093+rOd1zLCw+uU0ICVmsCwSrG3Rn9M/Unr2PVYIZ2SUQIMfObmFvP4u7dWvIkuDgZcuW6erOUFPRnh3YzbYKObwhgFmiPddeSYm7dcLWJUuA6oOXLOZSy+jcZcFuhBKXELDGqt1+lhL30p5bWwUEDgHBkhC1Pa1Lley7QA75dxQtVU2WeMgNVLyivgCoGqQ+ZOutl9ydXQbLsan+byOxFKS4vLxDAGS6gEBBeX3PbauNSBkZSbX5+6X1QLWNjR1iAmJA4xsbG6ur2SbjyDv/mWN0GsXEBPQFDunr64OwWDVbCUoZgZKLs7uqxYCKBGHAx8roKG7V/+ViWMQEBUUgYKdPlY3mfzyqNa2kWMT0d0LU+py0YsZfsgWFA5UDDd8JNLiqymYNftUypQ/LQQ7fqa9fxSIVRKjUfM/O3aMjpi/WWN/zMPwVIdU2V9jtuZeu6OFWmpUbbk5ItVEvz5zcsLCwXAv27vCjKMUxFtVyounz5gIBD8+83tLl8GyAy2x3UdHIyDORQCD6nmDdYH3s19MECHA3Iqj66E+XDd6/QeBJ/iKCqpdnffvh4uKywcX4BIcy4VpKq0jr56T8SZMUOTKJUH0gk/Ht8ZYt+xk1apPRAxBTddEzDcb9xeuyFDNrk1dpch7Fo/rf0VXJGtvvFG8p9lfU4Ei23riKE6fqf0c5zeuMGDmKWoxuBHzn0KpJ4jXHp1qTyVrZn/EAo2QR43dJ/1TrjZr4VB9hqktS9pe8w8hYpBWQassrc+Qf7jD5x7mKqc52kXJNQI1yapI1rwyaJzF8qWnOxGublJRka72RadUR9JYEQIABAD7kKVnizXSmAAAAAElFTkSuQmCC</deviceIcon>
    <deviceIcon iconId="MY-DEVICE-123/1">iVBORw0KGgoAAAANSUhEUgAAAC0AAAAwCAMAAACyjAPtAAAAGXRFWHRTb2Z0d2FyZQBBZG9iZSBJbWFnZVJlYWR5ccllPAAAAwBQTFRF7vLbqqqr9fX17u7y0d26vMmdy9LLxdCriIiK/Pz81uaxztqwvsmh8fHx8fXc3Oq21uK22eS6tceN6u7M2uW8s7qV1uG43e65xMy9srOzzdm65u7C9vb42eqt293i7vPhxM6rpKOlzdmu0dHRzd2p3ey21OOx3e2xZWRm+vr6vLy8ydmm0t212Oa0zdrC2OK51drbiZpr2drdm6aE2uqw1eeqy9bE+Pj4xtKn6u3RztPQ6Ojp1NfZ5ubmv82eytat1eet4u69xtWi7O/VnqR92+m2z9ytq7WU2uyve41g0d7DpquB1uK+u86Rs8aWw8LDycnKwc6h5OTp2eW21uO00dbUydSpxs3B4/C8ucGX0tnV0eGqx83Fydyfxtid1+mtsbeN4u664+Pj2djY7vHX1dXVorKNucGa0uGuWVlZwb/C5ebszd6myNOqytekoqWT1OC0+vr8sa+y0c7T3uDmxcvCydW61N+13vC23+y30+C+0uC5zMzNRkVH7e3t09602ui11eC20+Sq0eKm1NLV0d2x4vK5ydOt1uG2y9qvx9DCwMuk0dyyucKeyNij1OKv09+xxdKip6id6env5fDA4eLp4O+12uu12Oayy9unzNetx9elxM+mwsqgvcafu8ad5fO+5PK73d3d1+W02OS1z9ux2ua3///+0t2z2NjX+fn52ee1/v79wdCnzsrP4O+6oKZ/8/P23u+wv8q62NTb1eG0r8CNcnFzr8OW2eO8y9iqztmq0+Cy0N+swtGhzcvQoaCiz+Cp1+O2+/z9+/v7/f39pa2Q0dDUm5+P1uHBtsqU4PC1t8OXZ3pR6+3U6+7SwNOSyM3HwtKetcKlvMak2Oqq2+yz3Oqz3Nve4OHm09+zz922r6uywc6m4/S7qLuE4ePtzNi0pLeC0+axqbCGrLKKPj0/usebX25O092x8O/05u7I7O74y8rO5+/EzNDNkKRz6u/OzNaq4e264O664u+4oqOapqWnoaaKra+mp66Jp6yD6fXA2eiz/v7+////+WBwpQAABDpJREFUeNpi+E8KYMAi9q+wsPAocaoPv7l4Oc04zX1z6Ea47n84VGs+MPB7dP+Fp+fZD9t2GLyBqf6HVfXkKK8239hYQ0NPT1+PUyZeckdQlaOonqo3XXzh6bg4oQu+vlfjTO9VeEXJ4FRdUnatYn3Egj+7WVnPbMtbuCAiQtwrFEU5kursMq5r0762TfnIwAcCKR+nRER88QrlxKpapmsvl/q0aZveOTPIgwHD+XcR61X1SpAMR6i2Yc9wcIiX3fTuvDMDWD2D88eICvHpZhuxqJaR2KWS02wq6zFF2NI5hQEEnIWnecRPl5JDhDkDjHFTIcypr9nU1OPrlHfC551TUpzPWb7b5GHa9NjqMNxwuOrQOXaBfTlNpiaqiY7S0q+FP563FE5Ul3XIOWj2Cm44TPXRi3ef2znNPNhkcl218vPnxMQIR0dHdZN4h5y+zmywamSXmJd2n2Gd2Dczmuvvdf5KCFA1MXFonnkpbCpyqgKrlpHgOcMa6KS9V23GaldX/krVykp+V5PH0Sp9dmtLMFwiU8pzZr7dxIlu/Vy6qxtcQaDhL1e0ysw+1rslGC45EtM9n2duoIWbGpeu7urVDQ0Nq1fr9quozHRiZcd093+rOd1zLCw+uU0ICVmsCwSrG3Rn9M/Unr2PVYIZ2SUQIMfObmFvP4u7dWvIkuDgZcuW6erOUFPRnh3YzbYKObwhgFmiPddeSYm7dcLWJUuA6oOXLOZSy+jcZcFuhBKXELDGqt1+lhL30p5bWwUEDgHBkhC1Pa1Lley7QA75dxQtVU2WeMgNVLyivgCoGqQ+ZOutl9ydXQbLsan+byOxFKS4vLxDAGS6gEBBeX3PbauNSBkZSbX5+6X1QLWNjR1iAmJA4xsbG6ur2SbjyDv/mWN0GsXEBPQFDunr64OwWDVbCUoZgZKLs7uqxYCKBGHAx8roKG7V/+ViWMQEBUUgYKdPlY3mfzyqNa2kWMT0d0LU+py0YsZfsgWFA5UDDd8JNLiqymYNftUypQ/LQQ7fqa9fxSIVRKjUfM/O3aMjpi/WWN/zMPwVIdU2V9jtuZeu6OFWmpUbbk5ItVEvz5zcsLCwXAv27vCjKMUxFtVyounz5gIBD8+83tLl8GyAy2x3UdHIyDORQCD6nmDdYH3s19MECHA3Iqj66E+XDd6/QeBJ/iKCqpdnffvh4uKywcX4BIcy4VpKq0jr56T8SZMUOTKJUH0gk/Ht8ZYt+xk1apPRAxBTddEzDcb9xeuyFDNrk1dpch7Fo/rf0VXJGtvvFG8p9lfU4Ei23riKE6fqf0c5zeuMGDmKWoxuBHzn0KpJ4jXHp1qTyVrZn/EAo2QR43dJ/1TrjZr4VB9hqktS9pe8w8hYpBWQassrc+Qf7jD5x7mKqc52kXJNQI1yapI1rwyaJzF8qWnOxGublJRka72RadUR9JYEQIABAD7kKVnizXSmAAAAAElFTkSuQmCC</deviceIcon>
    <deviceService serviceId="urn:upnp-org:serviceId:MY-SERVICE-123">
        <scpd xmlns="urn:schemas-upnp-org:service-1-0">
            <specVersion>
                <major>1</major>
                <minor>0</minor>
            </specVersion>
            <actionList>
                <action>
                    <name>SetTarget</name>
                    <argumentList>
                        <argument>
                            <name>NewTargetValue</name>
                            <direction>in</direction>
                            <relatedStateVariable>Target</relatedStateVariable>
                        </argument>
                    </argumentList>
                </action>
            </actionList>
            <serviceStateTable>
                <stateVariable sendEvents="yes">
                    <name>Target</name>
                    <dataType>boolean</dataType>
                </stateVariable>
            </serviceStateTable>
        </scpd>
    </deviceService>
</deviceModel>
